<?xml version="1.0" encoding="UTF-8"?>
<!-- Generated by org.testng.reporters.JUnitReportReporter -->
<testsuite hostname="L4156411" name="tests.LoginTest" tests="2" failures="0" timestamp="19 Jul 2015 01:53:45 GMT" time="0.079" errors="0">
  <testcase name="isUserLoggedIn" time="0.044" classname="tests.LoginTest"/>
  <testcase name="isUserLoggedIn" time="0.035" classname="tests.LoginTest"/>
</testsuite> <!-- tests.LoginTest -->
